0 info it worked if it ends with ok
1 verbose cli [ '/usr/local/bin/node',
1 verbose cli   '/usr/local/bin/npm',
1 verbose cli   'install',
1 verbose cli   'file-saver' ]
2 info using npm@2.11.2
3 info using node@v0.12.6
4 verbose install initial load of /home/dannywang/NTUEE_EXAMS/package.json
5 warn package.json ntuee_exams@1.0.0 No README data
6 verbose installManyTop reading scoped package data from /home/dannywang/NTUEE_EXAMS/node_modules/express/package.json
7 verbose installManyTop reading scoped package data from /home/dannywang/NTUEE_EXAMS/node_modules/jszip/package.json
8 verbose installManyTop reading scoped package data from /home/dannywang/NTUEE_EXAMS/node_modules/mongoose/package.json
9 verbose installManyTop reading scoped package data from /home/dannywang/NTUEE_EXAMS/node_modules/node-zip/package.json
10 verbose installManyTop reading scoped package data from /home/dannywang/NTUEE_EXAMS/node_modules/socket.io/package.json
11 verbose installManyTop reading scoped package data from /home/dannywang/NTUEE_EXAMS/node_modules/zip-stream/package.json
12 verbose installManyTop reading scoped package data from /home/dannywang/NTUEE_EXAMS/node_modules/zipstream/package.json
13 info package.json node-zip@1.1.1 No license field.
14 info package.json socket.io@1.3.7 No license field.
15 info package.json jszip@2.5.0 license should be a valid SPDX license expression
16 info package.json zipstream@0.2.1 No license field.
17 verbose readDependencies loading dependencies from /home/dannywang/NTUEE_EXAMS/package.json
18 silly cache add args [ 'file-saver', null ]
19 verbose cache add spec file-saver
20 silly cache add parsed spec { raw: 'file-saver',
20 silly cache add   scope: null,
20 silly cache add   name: 'file-saver',
20 silly cache add   rawSpec: '',
20 silly cache add   spec: '*',
20 silly cache add   type: 'range' }
21 silly addNamed file-saver@*
22 verbose addNamed "*" is a valid semver range for file-saver
23 silly addNameRange { name: 'file-saver', range: '*', hasData: false }
24 silly mapToRegistry name file-saver
25 silly mapToRegistry using default registry
26 silly mapToRegistry registry https://registry.npmjs.org/
27 silly mapToRegistry uri https://registry.npmjs.org/file-saver
28 verbose addNameRange registry:https://registry.npmjs.org/file-saver not in flight; fetching
29 verbose request uri https://registry.npmjs.org/file-saver
30 verbose request no auth needed
31 info attempt registry request try #1 at 22:44:16
32 verbose request id b8fe4dbab93fc69a
33 http request GET https://registry.npmjs.org/file-saver
34 http 404 https://registry.npmjs.org/file-saver
35 verbose headers { 'content-type': 'application/json',
35 verbose headers   'cache-control': 'max-age=0',
35 verbose headers   'content-length': '2',
35 verbose headers   'accept-ranges': 'bytes',
35 verbose headers   date: 'Wed, 04 Nov 2015 14:44:17 GMT',
35 verbose headers   via: '1.1 varnish',
35 verbose headers   age: '0',
35 verbose headers   connection: 'keep-alive',
35 verbose headers   'x-served-by': 'cache-nrt6128-NRT',
35 verbose headers   'x-cache': 'MISS',
35 verbose headers   'x-cache-hits': '0',
35 verbose headers   'x-timer': 'S1446648256.771657,VS0,VE489' }
36 silly get cb [ 404,
36 silly get   { 'content-type': 'application/json',
36 silly get     'cache-control': 'max-age=0',
36 silly get     'content-length': '2',
36 silly get     'accept-ranges': 'bytes',
36 silly get     date: 'Wed, 04 Nov 2015 14:44:17 GMT',
36 silly get     via: '1.1 varnish',
36 silly get     age: '0',
36 silly get     connection: 'keep-alive',
36 silly get     'x-served-by': 'cache-nrt6128-NRT',
36 silly get     'x-cache': 'MISS',
36 silly get     'x-cache-hits': '0',
36 silly get     'x-timer': 'S1446648256.771657,VS0,VE489' } ]
37 verbose stack Error: Registry returned 404 for GET on https://registry.npmjs.org/file-saver
37 verbose stack     at CachingRegistryClient.<anonymous> (/usr/local/lib/node_modules/npm/node_modules/npm-registry-client/lib/request.js:239:14)
37 verbose stack     at Request._callback (/usr/local/lib/node_modules/npm/node_modules/npm-registry-client/lib/request.js:170:14)
37 verbose stack     at Request.self.callback (/usr/local/lib/node_modules/npm/node_modules/request/request.js:354:22)
37 verbose stack     at Request.emit (events.js:110:17)
37 verbose stack     at Request.<anonymous> (/usr/local/lib/node_modules/npm/node_modules/request/request.js:1207:14)
37 verbose stack     at Request.emit (events.js:129:20)
37 verbose stack     at IncomingMessage.<anonymous> (/usr/local/lib/node_modules/npm/node_modules/request/request.js:1153:12)
37 verbose stack     at IncomingMessage.emit (events.js:129:20)
37 verbose stack     at _stream_readable.js:908:16
37 verbose stack     at process._tickCallback (node.js:355:11)
38 verbose statusCode 404
39 verbose pkgid file-saver
40 verbose cwd /home/dannywang/NTUEE_EXAMS
41 error Linux 3.13.0-37-generic
42 error argv "/usr/local/bin/node" "/usr/local/bin/npm" "install" "file-saver"
43 error node v0.12.6
44 error npm  v2.11.2
45 error code E404
46 error 404 Registry returned 404 for GET on https://registry.npmjs.org/file-saver
46 error 404
46 error 404 'file-saver' is not in the npm registry.
46 error 404 You should bug the author to publish it (or use the name yourself!)
46 error 404 It was specified as a dependency of 'ntuee_exams'
46 error 404
46 error 404 Note that you can also install from a
46 error 404 tarball, folder, http url, or git url.
47 verbose exit [ 1, true ]
